[2025-08-26 12:04:45,149: INFO: main: >>>>>> stage Data Ingestion stage started <<<<<<]
[2025-08-26 12:04:45,151: INFO: common: yaml file: config\config.yaml loaded successfully]
[2025-08-26 12:04:45,153: INFO: common: yaml file: params.yaml loaded successfully]
[2025-08-26 12:04:45,154: INFO: common: created directory at: artifacts]
[2025-08-26 12:04:45,154: INFO: common: created directory at: artifacts/data_ingestion]
[2025-08-26 12:05:05,330: INFO: data_ingestion: artifacts/data_ingestion/data.zip download! with following info: 
Connection: close
Content-Length: 11616915
Cache-Control: max-age=300
Content-Security-Policy: default-src 'none'; style-src 'unsafe-inline'; sandbox
Content-Type: application/zip
ETag: "adf745abc03891fe493c3be264ec012691fe3fa21d861f35a27edbe6d86a76b1"
Strict-Transport-Security: max-age=31536000
X-Content-Type-Options: nosniff
X-Frame-Options: deny
X-XSS-Protection: 1; mode=block
X-GitHub-Request-Id: E372:2A2E55:1183706:163E50C:68AD5589
Accept-Ranges: bytes
Date: Tue, 26 Aug 2025 06:34:51 GMT
Via: 1.1 varnish
X-Served-By: cache-mrs1050103-MRS
X-Cache: MISS
X-Cache-Hits: 0
X-Timer: S1756190091.501953,VS0,VE595
Vary: Authorization,Accept-Encoding
Access-Control-Allow-Origin: *
Cross-Origin-Resource-Policy: cross-origin
X-Fastly-Request-ID: 2656f5ec8da91f0709adec655284f6c812850dab
Expires: Tue, 26 Aug 2025 06:39:51 GMT
Source-Age: 0

]
[2025-08-26 12:05:05,571: INFO: main: >>>>>> stage Data Ingestion stage completed <<<<<<

x==========x]
[2025-08-26 12:05:05,571: INFO: main: *******************]
[2025-08-26 12:05:05,571: INFO: main: >>>>>> stage Prepare base model started <<<<<<]
[2025-08-26 12:05:05,572: INFO: common: yaml file: config\config.yaml loaded successfully]
[2025-08-26 12:05:05,573: INFO: common: yaml file: params.yaml loaded successfully]
[2025-08-26 12:05:05,574: INFO: common: created directory at: artifacts]
[2025-08-26 12:05:05,574: INFO: common: created directory at: artifacts/prepare_base_model]
[2025-08-26 12:05:05,864: WARNING: saving_api: You are saving your model as an HDF5 file via `model.save()` or `keras.saving.save_model(model)`. This file format is considered legacy. We recommend using instead the native Keras format, e.g. `model.save('my_model.keras')` or `keras.saving.save_model(model, 'my_model.keras')`. ]
[2025-08-26 12:05:06,007: WARNING: saving_api: You are saving your model as an HDF5 file via `model.save()` or `keras.saving.save_model(model)`. This file format is considered legacy. We recommend using instead the native Keras format, e.g. `model.save('my_model.keras')` or `keras.saving.save_model(model, 'my_model.keras')`. ]
[2025-08-26 12:05:06,121: INFO: main: >>>>>> stage Prepare base model completed <<<<<<

x==========x]
